2018-12-21 11:09:14 =CRASH REPORT====
  crasher:
    initial call: ejabberd_http:init/2
    pid: <0.540.0>
    registered_name: []
    exception error: {undef,[{basic_auth,process,[[<<"api">>,<<"connected_users_vhost">>],{request,'POST',[<<"api">>,<<"connected_users_vhost">>],[{nokey,<<"{\n    \"host\": \"localhost\"\n}">>}],{<<>>,<<>>},undefined,<<"en">>,<<"{\n    \"host\": \"localhost\"\n}">>,{{0,0,0,0,0,0,0,1},51882},<<"localhost">>,5280,[{request_handlers,[{[],basic_auth},{[<<"api">>],mod_http_api}]},{web_admin,true}],http,[{'Connection',<<"keep-alive">>},{'Content-Length',<<"27">>},{'Accept-Encoding',<<"gzip, deflate">>},{'Host',<<"localhost:5280">>},{'Accept',<<"*/*">>},{'User-Agent',<<"PostmanRuntime/7.4.0">>},{<<"Postman-Token">>,<<"0fc01cb6-2512-46a4-8e2b-095cdd4abfee">>},{'Cache-Control',<<"no-cache">>},{'Content-Type',<<"application/json">>}],27,gen_tcp,#Port<0.25>}],[]},{ejabberd_http,process,2,[{file,"src/ejabberd_http.erl"},{line,404}]},{ejabberd_http,process_request,1,[{file,"src/ejabberd_http.erl"},{line,522}]},{ejabberd_http,process_header,2,[{file,"src/ejabberd_http.erl"},{line,317}]},{ejabberd_http,parse_headers,1,[{file,"src/ejabberd_http.erl"},{line,236}]},{ejabberd_http,init,2,[{file,"src/ejabberd_http.erl"},{line,166}]},{proc_lib,init_p_do_apply,3,[{file,"proc_lib.erl"},{line,249}]}]}
    ancestors: [ejabberd_http_sup,ejabberd_sup,<0.82.0>]
    message_queue_len: 0
    messages: []
    links: [<0.532.0>,#Port<0.25>]
    dictionary: []
    trap_exit: false
    status: running
    heap_size: 1598
    stack_size: 27
    reductions: 1045
  neighbours:
2018-12-21 11:09:14 =SUPERVISOR REPORT====
     Supervisor: {local,ejabberd_http_sup}
     Context:    child_terminated
     Reason:     {undef,[{basic_auth,process,[[<<"api">>,<<"connected_users_vhost">>],{request,'POST',[<<"api">>,<<"connected_users_vhost">>],[{nokey,<<"{\n    \"host\": \"localhost\"\n}">>}],{<<>>,<<>>},undefined,<<"en">>,<<"{\n    \"host\": \"localhost\"\n}">>,{{0,0,0,0,0,0,0,1},51882},<<"localhost">>,5280,[{request_handlers,[{[],basic_auth},{[<<"api">>],mod_http_api}]},{web_admin,true}],http,[{'Connection',<<"keep-alive">>},{'Content-Length',<<"27">>},{'Accept-Encoding',<<"gzip, deflate">>},{'Host',<<"localhost:5280">>},{'Accept',<<"*/*">>},{'User-Agent',<<"PostmanRuntime/7.4.0">>},{<<"Postman-Token">>,<<"0fc01cb6-2512-46a4-8e2b-095cdd4abfee">>},{'Cache-Control',<<"no-cache">>},{'Content-Type',<<"application/json">>}],27,gen_tcp,#Port<0.25>}],[]},{ejabberd_http,process,2,[{file,"src/ejabberd_http.erl"},{line,404}]},{ejabberd_http,process_request,1,[{file,"src/ejabberd_http.erl"},{line,522}]},{ejabberd_http,process_header,2,[{file,"src/ejabberd_http.erl"},{line,317}]},{ejabberd_http,parse_headers,1,[{file,"src/ejabberd_http.erl"},{line,236}]},{ejabberd_http,init,2,[{file,"src/ejabberd_http.erl"},{line,166}]},{proc_lib,init_p_do_apply,3,[{file,"proc_lib.erl"},{line,249}]}]}
     Offender:   [{pid,<0.540.0>},{id,undefined},{mfargs,{ejabberd_http,start_link,undefined}},{restart_type,temporary},{shutdown,1000},{child_type,worker}]

2018-12-21 11:09:26 =CRASH REPORT====
  crasher:
    initial call: ejabberd_http:init/2
    pid: <0.542.0>
    registered_name: []
    exception error: {undef,[{basic_auth,process,[[<<"api">>,<<"connected_users_vhost">>],{request,'POST',[<<"api">>,<<"connected_users_vhost">>],[{nokey,<<"{\n    \"host\": \"localhost\"\n}">>}],{<<>>,<<>>},undefined,<<"en">>,<<"{\n    \"host\": \"localhost\"\n}">>,{{0,0,0,0,0,0,0,1},51887},<<"localhost">>,5280,[{request_handlers,[{[],basic_auth},{[<<"api">>],mod_http_api}]},{web_admin,true}],http,[{'Connection',<<"keep-alive">>},{'Content-Length',<<"27">>},{'Accept-Encoding',<<"gzip, deflate">>},{'Host',<<"localhost:5280">>},{'Accept',<<"*/*">>},{'User-Agent',<<"PostmanRuntime/7.4.0">>},{<<"Postman-Token">>,<<"94c9ee93-e3e8-4dd2-bddd-39fa3d564435">>},{'Cache-Control',<<"no-cache">>},{'Content-Type',<<"application/json">>}],27,gen_tcp,#Port<0.27>}],[]},{ejabberd_http,process,2,[{file,"src/ejabberd_http.erl"},{line,404}]},{ejabberd_http,process_request,1,[{file,"src/ejabberd_http.erl"},{line,522}]},{ejabberd_http,process_header,2,[{file,"src/ejabberd_http.erl"},{line,317}]},{ejabberd_http,parse_headers,1,[{file,"src/ejabberd_http.erl"},{line,236}]},{ejabberd_http,init,2,[{file,"src/ejabberd_http.erl"},{line,166}]},{proc_lib,init_p_do_apply,3,[{file,"proc_lib.erl"},{line,249}]}]}
    ancestors: [ejabberd_http_sup,ejabberd_sup,<0.82.0>]
    message_queue_len: 0
    messages: []
    links: [<0.532.0>,#Port<0.27>]
    dictionary: []
    trap_exit: false
    status: running
    heap_size: 1598
    stack_size: 27
    reductions: 1024
  neighbours:
2018-12-21 11:09:26 =SUPERVISOR REPORT====
     Supervisor: {local,ejabberd_http_sup}
     Context:    child_terminated
     Reason:     {undef,[{basic_auth,process,[[<<"api">>,<<"connected_users_vhost">>],{request,'POST',[<<"api">>,<<"connected_users_vhost">>],[{nokey,<<"{\n    \"host\": \"localhost\"\n}">>}],{<<>>,<<>>},undefined,<<"en">>,<<"{\n    \"host\": \"localhost\"\n}">>,{{0,0,0,0,0,0,0,1},51887},<<"localhost">>,5280,[{request_handlers,[{[],basic_auth},{[<<"api">>],mod_http_api}]},{web_admin,true}],http,[{'Connection',<<"keep-alive">>},{'Content-Length',<<"27">>},{'Accept-Encoding',<<"gzip, deflate">>},{'Host',<<"localhost:5280">>},{'Accept',<<"*/*">>},{'User-Agent',<<"PostmanRuntime/7.4.0">>},{<<"Postman-Token">>,<<"94c9ee93-e3e8-4dd2-bddd-39fa3d564435">>},{'Cache-Control',<<"no-cache">>},{'Content-Type',<<"application/json">>}],27,gen_tcp,#Port<0.27>}],[]},{ejabberd_http,process,2,[{file,"src/ejabberd_http.erl"},{line,404}]},{ejabberd_http,process_request,1,[{file,"src/ejabberd_http.erl"},{line,522}]},{ejabberd_http,process_header,2,[{file,"src/ejabberd_http.erl"},{line,317}]},{ejabberd_http,parse_headers,1,[{file,"src/ejabberd_http.erl"},{line,236}]},{ejabberd_http,init,2,[{file,"src/ejabberd_http.erl"},{line,166}]},{proc_lib,init_p_do_apply,3,[{file,"proc_lib.erl"},{line,249}]}]}
     Offender:   [{pid,<0.542.0>},{id,undefined},{mfargs,{ejabberd_http,start_link,undefined}},{restart_type,temporary},{shutdown,1000},{child_type,worker}]

2018-12-21 11:09:37 =CRASH REPORT====
  crasher:
    initial call: ejabberd_http:init/2
    pid: <0.544.0>
    registered_name: []
    exception error: {undef,[{basic_auth,process,[[<<"api">>,<<"connected_users_vhost">>],{request,'POST',[<<"api">>,<<"connected_users_vhost">>],[{nokey,<<"{\n    \"host\": \"localhost\"\n}">>}],{<<>>,<<>>},undefined,<<"en">>,<<"{\n    \"host\": \"localhost\"\n}">>,{{0,0,0,0,0,0,0,1},51889},<<"localhost">>,5280,[{request_handlers,[{[],basic_auth},{[<<"api">>],mod_http_api}]},{web_admin,true}],http,[{'Connection',<<"keep-alive">>},{'Content-Length',<<"27">>},{'Accept-Encoding',<<"gzip, deflate">>},{'Host',<<"localhost:5280">>},{'Accept',<<"*/*">>},{'User-Agent',<<"PostmanRuntime/7.4.0">>},{<<"Postman-Token">>,<<"d4643178-bdb8-4f59-833b-1752797868be">>},{'Cache-Control',<<"no-cache">>},{'Content-Type',<<"application/json">>}],27,gen_tcp,#Port<0.29>}],[]},{ejabberd_http,process,2,[{file,"src/ejabberd_http.erl"},{line,404}]},{ejabberd_http,process_request,1,[{file,"src/ejabberd_http.erl"},{line,522}]},{ejabberd_http,process_header,2,[{file,"src/ejabberd_http.erl"},{line,317}]},{ejabberd_http,parse_headers,1,[{file,"src/ejabberd_http.erl"},{line,236}]},{ejabberd_http,init,2,[{file,"src/ejabberd_http.erl"},{line,166}]},{proc_lib,init_p_do_apply,3,[{file,"proc_lib.erl"},{line,249}]}]}
    ancestors: [ejabberd_http_sup,ejabberd_sup,<0.82.0>]
    message_queue_len: 0
    messages: []
    links: [<0.532.0>,#Port<0.29>]
    dictionary: []
    trap_exit: false
    status: running
    heap_size: 1598
    stack_size: 27
    reductions: 1024
  neighbours:
2018-12-21 11:09:37 =SUPERVISOR REPORT====
     Supervisor: {local,ejabberd_http_sup}
     Context:    child_terminated
     Reason:     {undef,[{basic_auth,process,[[<<"api">>,<<"connected_users_vhost">>],{request,'POST',[<<"api">>,<<"connected_users_vhost">>],[{nokey,<<"{\n    \"host\": \"localhost\"\n}">>}],{<<>>,<<>>},undefined,<<"en">>,<<"{\n    \"host\": \"localhost\"\n}">>,{{0,0,0,0,0,0,0,1},51889},<<"localhost">>,5280,[{request_handlers,[{[],basic_auth},{[<<"api">>],mod_http_api}]},{web_admin,true}],http,[{'Connection',<<"keep-alive">>},{'Content-Length',<<"27">>},{'Accept-Encoding',<<"gzip, deflate">>},{'Host',<<"localhost:5280">>},{'Accept',<<"*/*">>},{'User-Agent',<<"PostmanRuntime/7.4.0">>},{<<"Postman-Token">>,<<"d4643178-bdb8-4f59-833b-1752797868be">>},{'Cache-Control',<<"no-cache">>},{'Content-Type',<<"application/json">>}],27,gen_tcp,#Port<0.29>}],[]},{ejabberd_http,process,2,[{file,"src/ejabberd_http.erl"},{line,404}]},{ejabberd_http,process_request,1,[{file,"src/ejabberd_http.erl"},{line,522}]},{ejabberd_http,process_header,2,[{file,"src/ejabberd_http.erl"},{line,317}]},{ejabberd_http,parse_headers,1,[{file,"src/ejabberd_http.erl"},{line,236}]},{ejabberd_http,init,2,[{file,"src/ejabberd_http.erl"},{line,166}]},{proc_lib,init_p_do_apply,3,[{file,"proc_lib.erl"},{line,249}]}]}
     Offender:   [{pid,<0.544.0>},{id,undefined},{mfargs,{ejabberd_http,start_link,undefined}},{restart_type,temporary},{shutdown,1000},{child_type,worker}]

